2025-09-22 09:07:50.292 [main] INFO  n.thekingofduck.loki.LokiApplication - Starting LokiApplication using Java 17.0.15 on DESKTOP-GEBHMCS with PID 9264 (D:\CUCDC\Loki\target\classes started by YuKi in D:\CUCDC\Loki)
2025-09-22 09:07:50.298 [main] DEBUG n.thekingofduck.loki.LokiApplication - Running with Spring Boot v2.7.18, Spring v5.3.31
2025-09-22 09:07:50.299 [main] INFO  n.thekingofduck.loki.LokiApplication - No active profile set, falling back to 1 default profile: "default"
2025-09-22 09:07:51.983 [main] INFO  o.s.b.w.e.tomcat.TomcatWebServer - Tomcat initialized with port(s): 8080 (http) 8090 (http) 65535 (http)
2025-09-22 09:07:51.991 [main] INFO  o.a.catalina.core.StandardService - Starting service [Tomcat]
2025-09-22 09:07:51.992 [main] INFO  o.a.catalina.core.StandardEngine - Starting Servlet engine: [Apache Tomcat/9.0.83]
2025-09-22 09:07:52.050 [main] INFO  o.a.c.c.C.[Tomcat].[localhost].[/] - Initializing Spring embedded WebApplicationContext
2025-09-22 09:07:52.050 [main] INFO  o.s.b.w.s.c.ServletWebServerApplicationContext - Root WebApplicationContext: initialization completed in 1717 ms
2025-09-22 09:07:52.257 [main] INFO  n.thekingofduck.loki.core.LokiFilter - Loki Filter is init.... 
2025-09-22 09:07:52.375 [main] INFO  n.t.loki.service.CacheService - 缓存服务已启动，定时清理任务已设置
2025-09-22 09:07:52.390 [main] INFO  com.zaxxer.hikari.HikariDataSource - HikariPool-1 - Starting...
2025-09-22 09:07:52.563 [main] INFO  com.zaxxer.hikari.HikariDataSource - HikariPool-1 - Start completed.
2025-09-22 09:07:52.568 [main] DEBUG n.t.l.m.SshServerMapper.createTable - ==>  Preparing: CREATE TABLE IF NOT EXISTS sshserver (id INTEGER PRIMARY KEY AUTOINCREMENT, host TEXT NOT NULL, port INTEGER NOT NULL, username TEXT NOT NULL, password TEXT NOT NULL, remark TEXT, createTime TEXT)
2025-09-22 09:07:52.579 [main] DEBUG n.t.l.m.SshServerMapper.createTable - ==> Parameters: 
2025-09-22 09:07:52.580 [main] DEBUG n.t.l.m.SshServerMapper.createTable - <==    Updates: 0
2025-09-22 09:07:52.902 [main] INFO  o.s.b.w.e.tomcat.TomcatWebServer - Tomcat started on port(s): 8080 (http) 8090 (http) 65535 (http) with context path ''
2025-09-22 09:07:52.908 [main] INFO  n.thekingofduck.loki.LokiApplication - Started LokiApplication in 2.915 seconds (JVM running for 7.261)
2025-09-22 09:18:59.327 [SpringApplicationShutdownHook] INFO  n.thekingofduck.loki.core.LokiFilter - Loki Filter was destroyed....
2025-09-22 09:18:59.333 [SpringApplicationShutdownHook] INFO  n.t.l.service.SshConnectionManager - 正在关闭SSH连接管理器，清理所有连接...
2025-09-22 09:18:59.333 [SpringApplicationShutdownHook] INFO  n.t.l.service.SshConnectionManager - SSH连接管理器已关闭
2025-09-22 09:18:59.334 [SpringApplicationShutdownHook] INFO  com.zaxxer.hikari.HikariDataSource - HikariPool-1 - Shutdown initiated...
2025-09-22 09:18:59.335 [SpringApplicationShutdownHook] INFO  com.zaxxer.hikari.HikariDataSource - HikariPool-1 - Shutdown completed.
